10:37:13.291 [W0] INFO:	Worker 0 starting (num_workers=1, num_consumers=4)
10:37:13.305 [W0] INFO:	GPU monitoring initialized: 1 GPU(s) detected
10:37:13.306 [W0] INFO:	Worker 0 ready with num_consumers=4
10:37:13.306 [W0] INFO:	Event loop idle profiler installed
10:37:13.493 [W0] WARNING:	Max error in cubic spline approximation: 1.280408 m for track_id='19'
10:37:13.570 [W0] WARNING:	Max error in cubic spline approximation: 2.771869 m for track_id='246'
10:37:13.572 [W0] WARNING:	Max error in cubic spline approximation: 1.010286 m for track_id='191'
10:37:13.617 [W0] WARNING:	Max error in cubic spline approximation: 1.384596 m for track_id='174'
10:37:13.651 [W0] WARNING:	Max error in cubic spline approximation: 1.251944 m for track_id='109'
10:37:13.676 [W0] INFO:	Filtering traffic objects with min duration 3000000 us
10:37:13.676 [W0] INFO:	Number of traffic objects before filtering: 213
10:37:13.676 [W0] INFO:	Number of traffic objects after filtering: 122
10:37:13.679 [W0] INFO:	Loading USDZ map data into memory. This will take a few seconds...
10:37:13.691 [W0] INFO:	Applied XODR ENU to Simulation coordinate transform for trajectory alignment
10:37:14.096 [W0] INFO:	Successfully loaded map from XODR
10:37:14.141 [W0] INFO:	Requesting available cameras for scene_id='clipgt-048b974e-1546-488a-b8f9-d32bff77f5aa'
10:37:52.187 [W0] INFO:	Session STARTING: uuid=13d0e85e-2f49-11f1-b527-f5555ab5bc4e scene=clipgt-048b974e-1546-488a-b8f9-d32bff77f5aa steps=100
10:37:52.188 [W0] INFO:	Warming up sensorsim with initial render request...
10:37:52.191 [W0] INFO:	Available ego masks: ego_mask_metadata {
  ego_mask_id {
    camera_logical_id: "camera_front_wide_120fov"
    rig_config_id: "hyperion_8"
  }
}
ego_mask_metadata {
  ego_mask_id {
    camera_logical_id: "camera_front_wide_120fov"
    rig_config_id: "hyperion_8_1"
  }
}
 (session=13d0e85e-2f49-11f1-b527-f5555ab5bc4e, service_addr=localhost:6001)
10:39:27.644 [W0] INFO:	Sensorsim warmup complete in 95.456s
10:39:27.644 [W0] INFO:	Event-based simulation loop timer started
10:39:27.645 [W0] INFO:	sim_time 9_787_625_000us: StepEvent @ 9_787_625_000us
10:39:27.649 [W0] INFO:	sim_time 9_787_825_000us: GroupedRenderEvent(now=9_787_825_000us)
10:40:12.893 [W0] INFO:	sim_time 9_787_825_000us: PolicyEvent @ 9_787_825_000us
10:40:12.894 [W0] INFO:	Draining 10 outstanding tasks
10:40:36.968 [W0] INFO:	sim_time 9_787_825_000us: ControllerEvent @ 9_787_825_000us
10:40:37.000 [W0] INFO:	sim_time 9_787_825_000us: PhysicsEvent @ 9_787_825_000us
10:40:37.000 [W0] INFO:	sim_time 9_787_825_000us: TrafficEvent @ 9_787_825_000us
10:40:37.001 [W0] INFO:	sim_time 9_787_825_000us: PhysicsEvent @ 9_787_825_000us
10:40:37.001 [W0] INFO:	sim_time 9_787_825_000us: StepEvent @ 9_787_825_000us
10:40:37.003 [W0] INFO:	sim_time 9_788_025_000us: GroupedRenderEvent(now=9_788_025_000us)
10:40:37.335 [W0] INFO:	sim_time 9_788_025_000us: PolicyEvent @ 9_788_025_000us
10:40:37.335 [W0] INFO:	Draining 10 outstanding tasks
10:40:38.635 [W0] INFO:	sim_time 9_788_025_000us: ControllerEvent @ 9_788_025_000us
10:40:38.646 [W0] INFO:	sim_time 9_788_025_000us: PhysicsEvent @ 9_788_025_000us
10:40:38.646 [W0] INFO:	sim_time 9_788_025_000us: TrafficEvent @ 9_788_025_000us
10:40:38.647 [W0] INFO:	sim_time 9_788_025_000us: PhysicsEvent @ 9_788_025_000us
10:40:38.647 [W0] INFO:	sim_time 9_788_025_000us: StepEvent @ 9_788_025_000us
10:40:38.649 [W0] INFO:	sim_time 9_788_225_000us: GroupedRenderEvent(now=9_788_225_000us)
10:40:38.968 [W0] INFO:	sim_time 9_788_225_000us: PolicyEvent @ 9_788_225_000us
10:40:38.968 [W0] INFO:	Draining 10 outstanding tasks
10:40:40.271 [W0] INFO:	sim_time 9_788_225_000us: ControllerEvent @ 9_788_225_000us
10:40:40.281 [W0] INFO:	sim_time 9_788_225_000us: PhysicsEvent @ 9_788_225_000us
10:40:40.281 [W0] INFO:	sim_time 9_788_225_000us: TrafficEvent @ 9_788_225_000us
10:40:40.283 [W0] INFO:	sim_time 9_788_225_000us: PhysicsEvent @ 9_788_225_000us
10:40:40.283 [W0] INFO:	sim_time 9_788_225_000us: StepEvent @ 9_788_225_000us
10:40:40.285 [W0] INFO:	sim_time 9_788_425_000us: GroupedRenderEvent(now=9_788_425_000us)
10:40:40.605 [W0] INFO:	sim_time 9_788_425_000us: PolicyEvent @ 9_788_425_000us
10:40:40.606 [W0] INFO:	Draining 10 outstanding tasks
10:40:41.891 [W0] INFO:	sim_time 9_788_425_000us: ControllerEvent @ 9_788_425_000us
10:40:41.900 [W0] INFO:	sim_time 9_788_425_000us: PhysicsEvent @ 9_788_425_000us
10:40:41.900 [W0] INFO:	sim_time 9_788_425_000us: TrafficEvent @ 9_788_425_000us
10:40:41.901 [W0] INFO:	sim_time 9_788_425_000us: PhysicsEvent @ 9_788_425_000us
10:40:41.902 [W0] INFO:	sim_time 9_788_425_000us: StepEvent @ 9_788_425_000us
10:40:41.904 [W0] INFO:	sim_time 9_788_625_000us: GroupedRenderEvent(now=9_788_625_000us)
10:40:42.226 [W0] INFO:	sim_time 9_788_625_000us: PolicyEvent @ 9_788_625_000us
10:40:42.227 [W0] INFO:	Draining 10 outstanding tasks
10:40:43.531 [W0] INFO:	sim_time 9_788_625_000us: ControllerEvent @ 9_788_625_000us
10:40:43.540 [W0] INFO:	sim_time 9_788_625_000us: PhysicsEvent @ 9_788_625_000us
10:40:43.540 [W0] INFO:	sim_time 9_788_625_000us: TrafficEvent @ 9_788_625_000us
10:40:43.541 [W0] INFO:	sim_time 9_788_625_000us: PhysicsEvent @ 9_788_625_000us
10:40:43.542 [W0] INFO:	sim_time 9_788_625_000us: StepEvent @ 9_788_625_000us
10:40:43.544 [W0] INFO:	sim_time 9_788_825_000us: GroupedRenderEvent(now=9_788_825_000us)
10:40:43.861 [W0] INFO:	sim_time 9_788_825_000us: PolicyEvent @ 9_788_825_000us
10:40:43.861 [W0] INFO:	Draining 10 outstanding tasks
10:40:45.165 [W0] INFO:	sim_time 9_788_825_000us: ControllerEvent @ 9_788_825_000us
10:40:45.174 [W0] INFO:	sim_time 9_788_825_000us: PhysicsEvent @ 9_788_825_000us
10:40:45.174 [W0] INFO:	sim_time 9_788_825_000us: TrafficEvent @ 9_788_825_000us
10:40:45.175 [W0] INFO:	sim_time 9_788_825_000us: PhysicsEvent @ 9_788_825_000us
10:40:45.176 [W0] INFO:	sim_time 9_788_825_000us: StepEvent @ 9_788_825_000us
10:40:45.178 [W0] INFO:	sim_time 9_789_025_000us: GroupedRenderEvent(now=9_789_025_000us)
10:40:45.504 [W0] INFO:	sim_time 9_789_025_000us: PolicyEvent @ 9_789_025_000us
10:40:45.504 [W0] INFO:	Draining 10 outstanding tasks
10:40:46.795 [W0] INFO:	sim_time 9_789_025_000us: ControllerEvent @ 9_789_025_000us
10:40:46.804 [W0] INFO:	sim_time 9_789_025_000us: PhysicsEvent @ 9_789_025_000us
10:40:46.804 [W0] INFO:	sim_time 9_789_025_000us: TrafficEvent @ 9_789_025_000us
10:40:46.806 [W0] INFO:	sim_time 9_789_025_000us: PhysicsEvent @ 9_789_025_000us
10:40:46.807 [W0] INFO:	sim_time 9_789_025_000us: StepEvent @ 9_789_025_000us
10:40:46.809 [W0] INFO:	sim_time 9_789_225_000us: GroupedRenderEvent(now=9_789_225_000us)
10:40:47.127 [W0] INFO:	sim_time 9_789_225_000us: PolicyEvent @ 9_789_225_000us
10:40:47.127 [W0] INFO:	Draining 10 outstanding tasks
10:40:48.428 [W0] INFO:	sim_time 9_789_225_000us: ControllerEvent @ 9_789_225_000us
10:40:48.437 [W0] INFO:	sim_time 9_789_225_000us: PhysicsEvent @ 9_789_225_000us
10:40:48.437 [W0] INFO:	sim_time 9_789_225_000us: TrafficEvent @ 9_789_225_000us
10:40:48.438 [W0] INFO:	sim_time 9_789_225_000us: PhysicsEvent @ 9_789_225_000us
10:40:48.438 [W0] INFO:	sim_time 9_789_225_000us: StepEvent @ 9_789_225_000us
10:40:48.440 [W0] INFO:	sim_time 9_789_425_000us: GroupedRenderEvent(now=9_789_425_000us)
10:40:48.765 [W0] INFO:	sim_time 9_789_425_000us: PolicyEvent @ 9_789_425_000us
10:40:48.765 [W0] INFO:	Draining 10 outstanding tasks
10:40:50.092 [W0] INFO:	sim_time 9_789_425_000us: ControllerEvent @ 9_789_425_000us
10:40:50.102 [W0] INFO:	sim_time 9_789_425_000us: PhysicsEvent @ 9_789_425_000us
10:40:50.102 [W0] INFO:	sim_time 9_789_425_000us: TrafficEvent @ 9_789_425_000us
10:40:50.104 [W0] INFO:	sim_time 9_789_425_000us: PhysicsEvent @ 9_789_425_000us
10:40:50.104 [W0] INFO:	sim_time 9_789_425_000us: StepEvent @ 9_789_425_000us
10:40:50.106 [W0] INFO:	sim_time 9_789_625_000us: GroupedRenderEvent(now=9_789_625_000us)
10:40:50.438 [W0] INFO:	sim_time 9_789_625_000us: PolicyEvent @ 9_789_625_000us
10:40:50.438 [W0] INFO:	Draining 10 outstanding tasks
10:40:51.746 [W0] INFO:	sim_time 9_789_625_000us: ControllerEvent @ 9_789_625_000us
10:40:51.756 [W0] INFO:	sim_time 9_789_625_000us: PhysicsEvent @ 9_789_625_000us
10:40:51.756 [W0] INFO:	sim_time 9_789_625_000us: TrafficEvent @ 9_789_625_000us
10:40:51.758 [W0] INFO:	sim_time 9_789_625_000us: PhysicsEvent @ 9_789_625_000us
10:40:51.759 [W0] INFO:	sim_time 9_789_625_000us: StepEvent @ 9_789_625_000us
10:40:51.762 [W0] INFO:	sim_time 9_789_825_000us: GroupedRenderEvent(now=9_789_825_000us)
10:40:52.103 [W0] INFO:	sim_time 9_789_825_000us: PolicyEvent @ 9_789_825_000us
10:40:52.104 [W0] INFO:	Draining 10 outstanding tasks
10:40:53.420 [W0] INFO:	sim_time 9_789_825_000us: ControllerEvent @ 9_789_825_000us
10:40:53.429 [W0] INFO:	sim_time 9_789_825_000us: PhysicsEvent @ 9_789_825_000us
10:40:53.430 [W0] INFO:	sim_time 9_789_825_000us: TrafficEvent @ 9_789_825_000us
10:40:53.431 [W0] INFO:	sim_time 9_789_825_000us: PhysicsEvent @ 9_789_825_000us
10:40:53.432 [W0] INFO:	sim_time 9_789_825_000us: StepEvent @ 9_789_825_000us
10:40:53.434 [W0] INFO:	sim_time 9_790_025_000us: GroupedRenderEvent(now=9_790_025_000us)
10:40:53.763 [W0] INFO:	sim_time 9_790_025_000us: PolicyEvent @ 9_790_025_000us
10:40:53.764 [W0] INFO:	Draining 10 outstanding tasks
10:40:55.061 [W0] INFO:	sim_time 9_790_025_000us: ControllerEvent @ 9_790_025_000us
10:40:55.071 [W0] INFO:	sim_time 9_790_025_000us: PhysicsEvent @ 9_790_025_000us
10:40:55.071 [W0] INFO:	sim_time 9_790_025_000us: TrafficEvent @ 9_790_025_000us
10:40:55.073 [W0] INFO:	sim_time 9_790_025_000us: PhysicsEvent @ 9_790_025_000us
10:40:55.073 [W0] INFO:	sim_time 9_790_025_000us: StepEvent @ 9_790_025_000us
10:40:55.076 [W0] INFO:	sim_time 9_790_225_000us: GroupedRenderEvent(now=9_790_225_000us)
10:40:55.410 [W0] INFO:	sim_time 9_790_225_000us: PolicyEvent @ 9_790_225_000us
10:40:55.410 [W0] INFO:	Draining 10 outstanding tasks
10:40:56.696 [W0] INFO:	sim_time 9_790_225_000us: ControllerEvent @ 9_790_225_000us
10:40:56.706 [W0] INFO:	sim_time 9_790_225_000us: PhysicsEvent @ 9_790_225_000us
10:40:56.706 [W0] INFO:	sim_time 9_790_225_000us: TrafficEvent @ 9_790_225_000us
10:40:56.707 [W0] INFO:	sim_time 9_790_225_000us: PhysicsEvent @ 9_790_225_000us
10:40:56.708 [W0] INFO:	sim_time 9_790_225_000us: StepEvent @ 9_790_225_000us
10:40:56.710 [W0] INFO:	sim_time 9_790_425_000us: GroupedRenderEvent(now=9_790_425_000us)
10:40:57.031 [W0] INFO:	sim_time 9_790_425_000us: PolicyEvent @ 9_790_425_000us
10:40:57.031 [W0] INFO:	Draining 10 outstanding tasks
10:40:58.333 [W0] INFO:	sim_time 9_790_425_000us: ControllerEvent @ 9_790_425_000us
10:40:58.342 [W0] INFO:	sim_time 9_790_425_000us: PhysicsEvent @ 9_790_425_000us
10:40:58.343 [W0] INFO:	sim_time 9_790_425_000us: TrafficEvent @ 9_790_425_000us
10:40:58.344 [W0] INFO:	sim_time 9_790_425_000us: PhysicsEvent @ 9_790_425_000us
10:40:58.344 [W0] INFO:	sim_time 9_790_425_000us: StepEvent @ 9_790_425_000us
10:40:58.347 [W0] INFO:	sim_time 9_790_625_000us: GroupedRenderEvent(now=9_790_625_000us)
10:40:58.690 [W0] INFO:	sim_time 9_790_625_000us: PolicyEvent @ 9_790_625_000us
10:40:58.690 [W0] INFO:	Draining 10 outstanding tasks
10:40:59.989 [W0] INFO:	sim_time 9_790_625_000us: ControllerEvent @ 9_790_625_000us
10:40:59.999 [W0] INFO:	sim_time 9_790_625_000us: PhysicsEvent @ 9_790_625_000us
10:41:00.005 [W0] INFO:	sim_time 9_790_625_000us: TrafficEvent @ 9_790_625_000us
10:41:00.007 [W0] INFO:	sim_time 9_790_625_000us: PhysicsEvent @ 9_790_625_000us
10:41:00.008 [W0] INFO:	sim_time 9_790_625_000us: StepEvent @ 9_790_625_000us
10:41:00.011 [W0] INFO:	sim_time 9_790_825_000us: GroupedRenderEvent(now=9_790_825_000us)
10:41:00.339 [W0] INFO:	sim_time 9_790_825_000us: PolicyEvent @ 9_790_825_000us
10:41:00.340 [W0] INFO:	Draining 10 outstanding tasks
10:41:01.635 [W0] INFO:	sim_time 9_790_825_000us: ControllerEvent @ 9_790_825_000us
10:41:01.645 [W0] INFO:	sim_time 9_790_825_000us: PhysicsEvent @ 9_790_825_000us
10:41:01.650 [W0] INFO:	sim_time 9_790_825_000us: TrafficEvent @ 9_790_825_000us
10:41:01.652 [W0] INFO:	sim_time 9_790_825_000us: PhysicsEvent @ 9_790_825_000us
10:41:01.653 [W0] INFO:	sim_time 9_790_825_000us: StepEvent @ 9_790_825_000us
10:41:01.660 [W0] INFO:	sim_time 9_791_025_000us: GroupedRenderEvent(now=9_791_025_000us)
10:41:01.997 [W0] INFO:	sim_time 9_791_025_000us: PolicyEvent @ 9_791_025_000us
10:41:01.997 [W0] INFO:	Draining 10 outstanding tasks
10:41:03.288 [W0] INFO:	sim_time 9_791_025_000us: ControllerEvent @ 9_791_025_000us
10:41:03.298 [W0] INFO:	sim_time 9_791_025_000us: PhysicsEvent @ 9_791_025_000us
10:41:03.302 [W0] INFO:	sim_time 9_791_025_000us: TrafficEvent @ 9_791_025_000us
10:41:03.304 [W0] INFO:	sim_time 9_791_025_000us: PhysicsEvent @ 9_791_025_000us
10:41:03.305 [W0] INFO:	sim_time 9_791_025_000us: StepEvent @ 9_791_025_000us
10:41:03.308 [W0] INFO:	sim_time 9_791_225_000us: GroupedRenderEvent(now=9_791_225_000us)
10:41:03.639 [W0] INFO:	sim_time 9_791_225_000us: PolicyEvent @ 9_791_225_000us
10:41:03.639 [W0] INFO:	Draining 10 outstanding tasks
10:41:04.959 [W0] INFO:	sim_time 9_791_225_000us: ControllerEvent @ 9_791_225_000us
10:41:04.972 [W0] INFO:	sim_time 9_791_225_000us: PhysicsEvent @ 9_791_225_000us
10:41:04.976 [W0] INFO:	sim_time 9_791_225_000us: TrafficEvent @ 9_791_225_000us
10:41:04.978 [W0] INFO:	sim_time 9_791_225_000us: PhysicsEvent @ 9_791_225_000us
10:41:04.979 [W0] INFO:	sim_time 9_791_225_000us: StepEvent @ 9_791_225_000us
10:41:04.985 [W0] INFO:	sim_time 9_791_425_000us: GroupedRenderEvent(now=9_791_425_000us)
10:41:05.328 [W0] INFO:	sim_time 9_791_425_000us: PolicyEvent @ 9_791_425_000us
10:41:05.329 [W0] INFO:	Draining 10 outstanding tasks
10:41:06.637 [W0] INFO:	sim_time 9_791_425_000us: ControllerEvent @ 9_791_425_000us
10:41:06.648 [W0] INFO:	sim_time 9_791_425_000us: PhysicsEvent @ 9_791_425_000us
10:41:06.653 [W0] INFO:	sim_time 9_791_425_000us: TrafficEvent @ 9_791_425_000us
10:41:06.655 [W0] INFO:	sim_time 9_791_425_000us: PhysicsEvent @ 9_791_425_000us
10:41:06.656 [W0] INFO:	sim_time 9_791_425_000us: StepEvent @ 9_791_425_000us
10:41:06.659 [W0] INFO:	sim_time 9_791_625_000us: GroupedRenderEvent(now=9_791_625_000us)
10:41:06.989 [W0] INFO:	sim_time 9_791_625_000us: PolicyEvent @ 9_791_625_000us
10:41:06.990 [W0] INFO:	Draining 10 outstanding tasks
10:41:08.329 [W0] INFO:	sim_time 9_791_625_000us: ControllerEvent @ 9_791_625_000us
10:41:08.340 [W0] INFO:	sim_time 9_791_625_000us: PhysicsEvent @ 9_791_625_000us
10:41:08.344 [W0] INFO:	sim_time 9_791_625_000us: TrafficEvent @ 9_791_625_000us
10:41:08.350 [W0] INFO:	sim_time 9_791_625_000us: PhysicsEvent @ 9_791_625_000us
10:41:08.352 [W0] INFO:	sim_time 9_791_625_000us: StepEvent @ 9_791_625_000us
10:41:08.355 [W0] INFO:	sim_time 9_791_825_000us: GroupedRenderEvent(now=9_791_825_000us)
10:41:08.695 [W0] INFO:	sim_time 9_791_825_000us: PolicyEvent @ 9_791_825_000us
10:41:08.695 [W0] INFO:	Draining 10 outstanding tasks
10:41:10.035 [W0] INFO:	sim_time 9_791_825_000us: ControllerEvent @ 9_791_825_000us
10:41:10.046 [W0] INFO:	sim_time 9_791_825_000us: PhysicsEvent @ 9_791_825_000us
10:41:10.051 [W0] INFO:	sim_time 9_791_825_000us: TrafficEvent @ 9_791_825_000us
10:41:10.053 [W0] INFO:	sim_time 9_791_825_000us: PhysicsEvent @ 9_791_825_000us
10:41:10.054 [W0] INFO:	sim_time 9_791_825_000us: StepEvent @ 9_791_825_000us
10:41:10.057 [W0] INFO:	sim_time 9_792_025_000us: GroupedRenderEvent(now=9_792_025_000us)
10:41:10.431 [W0] INFO:	sim_time 9_792_025_000us: PolicyEvent @ 9_792_025_000us
10:41:10.431 [W0] INFO:	Draining 10 outstanding tasks
10:41:11.784 [W0] INFO:	sim_time 9_792_025_000us: ControllerEvent @ 9_792_025_000us
10:41:11.797 [W0] INFO:	sim_time 9_792_025_000us: PhysicsEvent @ 9_792_025_000us
10:41:11.805 [W0] INFO:	sim_time 9_792_025_000us: TrafficEvent @ 9_792_025_000us
10:41:11.807 [W0] INFO:	sim_time 9_792_025_000us: PhysicsEvent @ 9_792_025_000us
10:41:11.809 [W0] INFO:	sim_time 9_792_025_000us: StepEvent @ 9_792_025_000us
10:41:11.812 [W0] INFO:	sim_time 9_792_225_000us: GroupedRenderEvent(now=9_792_225_000us)
10:41:12.168 [W0] INFO:	sim_time 9_792_225_000us: PolicyEvent @ 9_792_225_000us
10:41:12.169 [W0] INFO:	Draining 10 outstanding tasks
10:41:13.498 [W0] INFO:	sim_time 9_792_225_000us: ControllerEvent @ 9_792_225_000us
10:41:13.509 [W0] INFO:	sim_time 9_792_225_000us: PhysicsEvent @ 9_792_225_000us
10:41:13.513 [W0] INFO:	sim_time 9_792_225_000us: TrafficEvent @ 9_792_225_000us
10:41:13.515 [W0] INFO:	sim_time 9_792_225_000us: PhysicsEvent @ 9_792_225_000us
10:41:13.517 [W0] INFO:	sim_time 9_792_225_000us: StepEvent @ 9_792_225_000us
10:41:13.520 [W0] INFO:	sim_time 9_792_425_000us: GroupedRenderEvent(now=9_792_425_000us)
10:41:13.889 [W0] INFO:	sim_time 9_792_425_000us: PolicyEvent @ 9_792_425_000us
10:41:13.890 [W0] INFO:	Draining 10 outstanding tasks
10:41:15.233 [W0] INFO:	sim_time 9_792_425_000us: ControllerEvent @ 9_792_425_000us
10:41:15.244 [W0] INFO:	sim_time 9_792_425_000us: PhysicsEvent @ 9_792_425_000us
10:41:15.250 [W0] INFO:	sim_time 9_792_425_000us: TrafficEvent @ 9_792_425_000us
10:41:15.252 [W0] INFO:	sim_time 9_792_425_000us: PhysicsEvent @ 9_792_425_000us
10:41:15.253 [W0] INFO:	sim_time 9_792_425_000us: StepEvent @ 9_792_425_000us
10:41:15.255 [W0] INFO:	sim_time 9_792_625_000us: GroupedRenderEvent(now=9_792_625_000us)
10:41:15.601 [W0] INFO:	sim_time 9_792_625_000us: PolicyEvent @ 9_792_625_000us
10:41:15.602 [W0] INFO:	Draining 10 outstanding tasks
10:41:16.941 [W0] INFO:	sim_time 9_792_625_000us: ControllerEvent @ 9_792_625_000us
10:41:16.951 [W0] INFO:	sim_time 9_792_625_000us: PhysicsEvent @ 9_792_625_000us
10:41:16.956 [W0] INFO:	sim_time 9_792_625_000us: TrafficEvent @ 9_792_625_000us
10:41:16.961 [W0] INFO:	sim_time 9_792_625_000us: PhysicsEvent @ 9_792_625_000us
10:41:16.962 [W0] INFO:	sim_time 9_792_625_000us: StepEvent @ 9_792_625_000us
10:41:16.964 [W0] INFO:	sim_time 9_792_825_000us: GroupedRenderEvent(now=9_792_825_000us)
10:41:17.315 [W0] INFO:	sim_time 9_792_825_000us: PolicyEvent @ 9_792_825_000us
10:41:17.316 [W0] INFO:	Draining 10 outstanding tasks
10:41:18.655 [W0] INFO:	sim_time 9_792_825_000us: ControllerEvent @ 9_792_825_000us
10:41:18.666 [W0] INFO:	sim_time 9_792_825_000us: PhysicsEvent @ 9_792_825_000us
10:41:18.671 [W0] INFO:	sim_time 9_792_825_000us: TrafficEvent @ 9_792_825_000us
10:41:18.672 [W0] INFO:	sim_time 9_792_825_000us: PhysicsEvent @ 9_792_825_000us
10:41:18.673 [W0] INFO:	sim_time 9_792_825_000us: StepEvent @ 9_792_825_000us
10:41:18.676 [W0] INFO:	sim_time 9_793_025_000us: GroupedRenderEvent(now=9_793_025_000us)
10:41:19.037 [W0] INFO:	sim_time 9_793_025_000us: PolicyEvent @ 9_793_025_000us
10:41:19.037 [W0] INFO:	Draining 10 outstanding tasks
10:41:20.395 [W0] INFO:	sim_time 9_793_025_000us: ControllerEvent @ 9_793_025_000us
10:41:20.406 [W0] INFO:	sim_time 9_793_025_000us: PhysicsEvent @ 9_793_025_000us
10:41:20.410 [W0] INFO:	sim_time 9_793_025_000us: TrafficEvent @ 9_793_025_000us
10:41:20.412 [W0] INFO:	sim_time 9_793_025_000us: PhysicsEvent @ 9_793_025_000us
10:41:20.413 [W0] INFO:	sim_time 9_793_025_000us: StepEvent @ 9_793_025_000us
10:41:20.416 [W0] INFO:	sim_time 9_793_225_000us: GroupedRenderEvent(now=9_793_225_000us)
10:41:20.754 [W0] INFO:	sim_time 9_793_225_000us: PolicyEvent @ 9_793_225_000us
10:41:20.755 [W0] INFO:	Draining 10 outstanding tasks
10:41:22.109 [W0] INFO:	sim_time 9_793_225_000us: ControllerEvent @ 9_793_225_000us
10:41:22.120 [W0] INFO:	sim_time 9_793_225_000us: PhysicsEvent @ 9_793_225_000us
10:41:22.125 [W0] INFO:	sim_time 9_793_225_000us: TrafficEvent @ 9_793_225_000us
10:41:22.126 [W0] INFO:	sim_time 9_793_225_000us: PhysicsEvent @ 9_793_225_000us
10:41:22.127 [W0] INFO:	sim_time 9_793_225_000us: StepEvent @ 9_793_225_000us
10:41:22.133 [W0] INFO:	sim_time 9_793_425_000us: GroupedRenderEvent(now=9_793_425_000us)
10:41:22.497 [W0] INFO:	sim_time 9_793_425_000us: PolicyEvent @ 9_793_425_000us
10:41:22.498 [W0] INFO:	Draining 10 outstanding tasks
10:41:23.834 [W0] INFO:	sim_time 9_793_425_000us: ControllerEvent @ 9_793_425_000us
10:41:23.845 [W0] INFO:	sim_time 9_793_425_000us: PhysicsEvent @ 9_793_425_000us
10:41:23.850 [W0] INFO:	sim_time 9_793_425_000us: TrafficEvent @ 9_793_425_000us
10:41:23.851 [W0] INFO:	sim_time 9_793_425_000us: PhysicsEvent @ 9_793_425_000us
10:41:23.852 [W0] INFO:	sim_time 9_793_425_000us: StepEvent @ 9_793_425_000us
10:41:23.855 [W0] INFO:	sim_time 9_793_625_000us: GroupedRenderEvent(now=9_793_625_000us)
10:41:24.245 [W0] INFO:	sim_time 9_793_625_000us: PolicyEvent @ 9_793_625_000us
10:41:24.245 [W0] INFO:	Draining 10 outstanding tasks
10:41:25.683 [W0] INFO:	sim_time 9_793_625_000us: ControllerEvent @ 9_793_625_000us
10:41:25.694 [W0] INFO:	sim_time 9_793_625_000us: PhysicsEvent @ 9_793_625_000us
10:41:25.699 [W0] INFO:	sim_time 9_793_625_000us: TrafficEvent @ 9_793_625_000us
10:41:25.701 [W0] INFO:	sim_time 9_793_625_000us: PhysicsEvent @ 9_793_625_000us
10:41:25.702 [W0] INFO:	sim_time 9_793_625_000us: StepEvent @ 9_793_625_000us
10:41:25.704 [W0] INFO:	sim_time 9_793_825_000us: GroupedRenderEvent(now=9_793_825_000us)
10:41:26.077 [W0] INFO:	sim_time 9_793_825_000us: PolicyEvent @ 9_793_825_000us
10:41:26.078 [W0] INFO:	Draining 10 outstanding tasks
10:41:27.477 [W0] INFO:	sim_time 9_793_825_000us: ControllerEvent @ 9_793_825_000us
10:41:27.488 [W0] INFO:	sim_time 9_793_825_000us: PhysicsEvent @ 9_793_825_000us
10:41:27.492 [W0] INFO:	sim_time 9_793_825_000us: TrafficEvent @ 9_793_825_000us
10:41:27.495 [W0] INFO:	sim_time 9_793_825_000us: PhysicsEvent @ 9_793_825_000us
10:41:27.496 [W0] INFO:	sim_time 9_793_825_000us: StepEvent @ 9_793_825_000us
10:41:27.499 [W0] INFO:	sim_time 9_794_025_000us: GroupedRenderEvent(now=9_794_025_000us)
10:41:27.870 [W0] INFO:	sim_time 9_794_025_000us: PolicyEvent @ 9_794_025_000us
10:41:27.870 [W0] INFO:	Draining 10 outstanding tasks
10:41:29.244 [W0] INFO:	sim_time 9_794_025_000us: ControllerEvent @ 9_794_025_000us
10:41:29.256 [W0] INFO:	sim_time 9_794_025_000us: PhysicsEvent @ 9_794_025_000us
10:41:29.261 [W0] INFO:	sim_time 9_794_025_000us: TrafficEvent @ 9_794_025_000us
10:41:29.266 [W0] INFO:	sim_time 9_794_025_000us: PhysicsEvent @ 9_794_025_000us
10:41:29.267 [W0] INFO:	sim_time 9_794_025_000us: StepEvent @ 9_794_025_000us
10:41:29.270 [W0] INFO:	sim_time 9_794_225_000us: GroupedRenderEvent(now=9_794_225_000us)
10:41:29.636 [W0] INFO:	sim_time 9_794_225_000us: PolicyEvent @ 9_794_225_000us
10:41:29.636 [W0] INFO:	Draining 10 outstanding tasks
10:41:31.000 [W0] INFO:	sim_time 9_794_225_000us: ControllerEvent @ 9_794_225_000us
10:41:31.011 [W0] INFO:	sim_time 9_794_225_000us: PhysicsEvent @ 9_794_225_000us
10:41:31.016 [W0] INFO:	sim_time 9_794_225_000us: TrafficEvent @ 9_794_225_000us
10:41:31.017 [W0] INFO:	sim_time 9_794_225_000us: PhysicsEvent @ 9_794_225_000us
10:41:31.018 [W0] INFO:	sim_time 9_794_225_000us: StepEvent @ 9_794_225_000us
10:41:31.021 [W0] INFO:	sim_time 9_794_425_000us: GroupedRenderEvent(now=9_794_425_000us)
10:41:31.403 [W0] INFO:	sim_time 9_794_425_000us: PolicyEvent @ 9_794_425_000us
10:41:31.403 [W0] INFO:	Draining 10 outstanding tasks
10:41:32.772 [W0] INFO:	sim_time 9_794_425_000us: ControllerEvent @ 9_794_425_000us
10:41:32.783 [W0] INFO:	sim_time 9_794_425_000us: PhysicsEvent @ 9_794_425_000us
10:41:32.787 [W0] INFO:	sim_time 9_794_425_000us: TrafficEvent @ 9_794_425_000us
10:41:32.789 [W0] INFO:	sim_time 9_794_425_000us: PhysicsEvent @ 9_794_425_000us
10:41:32.790 [W0] INFO:	sim_time 9_794_425_000us: StepEvent @ 9_794_425_000us
10:41:32.792 [W0] INFO:	sim_time 9_794_625_000us: GroupedRenderEvent(now=9_794_625_000us)
10:41:33.163 [W0] INFO:	sim_time 9_794_625_000us: PolicyEvent @ 9_794_625_000us
10:41:33.163 [W0] INFO:	Draining 10 outstanding tasks
10:41:34.526 [W0] INFO:	sim_time 9_794_625_000us: ControllerEvent @ 9_794_625_000us
10:41:34.554 [W0] INFO:	sim_time 9_794_625_000us: PhysicsEvent @ 9_794_625_000us
10:41:34.559 [W0] INFO:	sim_time 9_794_625_000us: TrafficEvent @ 9_794_625_000us
10:41:34.561 [W0] INFO:	sim_time 9_794_625_000us: PhysicsEvent @ 9_794_625_000us
10:41:34.563 [W0] INFO:	sim_time 9_794_625_000us: StepEvent @ 9_794_625_000us
10:41:34.566 [W0] INFO:	sim_time 9_794_825_000us: GroupedRenderEvent(now=9_794_825_000us)
10:41:34.928 [W0] INFO:	sim_time 9_794_825_000us: PolicyEvent @ 9_794_825_000us
10:41:34.928 [W0] INFO:	Draining 10 outstanding tasks
10:41:36.300 [W0] INFO:	sim_time 9_794_825_000us: ControllerEvent @ 9_794_825_000us
10:41:36.312 [W0] INFO:	sim_time 9_794_825_000us: PhysicsEvent @ 9_794_825_000us
10:41:36.317 [W0] INFO:	sim_time 9_794_825_000us: TrafficEvent @ 9_794_825_000us
10:41:36.324 [W0] INFO:	sim_time 9_794_825_000us: PhysicsEvent @ 9_794_825_000us
10:41:36.326 [W0] INFO:	sim_time 9_794_825_000us: StepEvent @ 9_794_825_000us
10:41:36.329 [W0] INFO:	sim_time 9_795_025_000us: GroupedRenderEvent(now=9_795_025_000us)
10:41:36.688 [W0] INFO:	sim_time 9_795_025_000us: PolicyEvent @ 9_795_025_000us
10:41:36.689 [W0] INFO:	Draining 10 outstanding tasks
10:41:38.044 [W0] INFO:	sim_time 9_795_025_000us: ControllerEvent @ 9_795_025_000us
10:41:38.055 [W0] INFO:	sim_time 9_795_025_000us: PhysicsEvent @ 9_795_025_000us
10:41:38.059 [W0] INFO:	sim_time 9_795_025_000us: TrafficEvent @ 9_795_025_000us
10:41:38.062 [W0] INFO:	sim_time 9_795_025_000us: PhysicsEvent @ 9_795_025_000us
10:41:38.063 [W0] INFO:	sim_time 9_795_025_000us: StepEvent @ 9_795_025_000us
10:41:38.066 [W0] INFO:	sim_time 9_795_225_000us: GroupedRenderEvent(now=9_795_225_000us)
10:41:38.425 [W0] INFO:	sim_time 9_795_225_000us: PolicyEvent @ 9_795_225_000us
10:41:38.426 [W0] INFO:	Draining 10 outstanding tasks
10:41:39.784 [W0] INFO:	sim_time 9_795_225_000us: ControllerEvent @ 9_795_225_000us
10:41:39.797 [W0] INFO:	sim_time 9_795_225_000us: PhysicsEvent @ 9_795_225_000us
10:41:39.802 [W0] INFO:	sim_time 9_795_225_000us: TrafficEvent @ 9_795_225_000us
10:41:39.804 [W0] INFO:	sim_time 9_795_225_000us: PhysicsEvent @ 9_795_225_000us
10:41:39.806 [W0] INFO:	sim_time 9_795_225_000us: StepEvent @ 9_795_225_000us
10:41:39.809 [W0] INFO:	sim_time 9_795_425_000us: GroupedRenderEvent(now=9_795_425_000us)
10:41:40.170 [W0] INFO:	sim_time 9_795_425_000us: PolicyEvent @ 9_795_425_000us
10:41:40.170 [W0] INFO:	Draining 10 outstanding tasks
10:41:41.550 [W0] INFO:	sim_time 9_795_425_000us: ControllerEvent @ 9_795_425_000us
10:41:41.561 [W0] INFO:	sim_time 9_795_425_000us: PhysicsEvent @ 9_795_425_000us
10:41:41.565 [W0] INFO:	sim_time 9_795_425_000us: TrafficEvent @ 9_795_425_000us
10:41:41.572 [W0] INFO:	sim_time 9_795_425_000us: PhysicsEvent @ 9_795_425_000us
10:41:41.574 [W0] INFO:	sim_time 9_795_425_000us: StepEvent @ 9_795_425_000us
10:41:41.577 [W0] INFO:	sim_time 9_795_625_000us: GroupedRenderEvent(now=9_795_625_000us)
10:41:41.937 [W0] INFO:	sim_time 9_795_625_000us: PolicyEvent @ 9_795_625_000us
10:41:41.941 [W0] INFO:	Draining 10 outstanding tasks
10:41:43.312 [W0] INFO:	sim_time 9_795_625_000us: ControllerEvent @ 9_795_625_000us
10:41:43.323 [W0] INFO:	sim_time 9_795_625_000us: PhysicsEvent @ 9_795_625_000us
10:41:43.327 [W0] INFO:	sim_time 9_795_625_000us: TrafficEvent @ 9_795_625_000us
10:41:43.329 [W0] INFO:	sim_time 9_795_625_000us: PhysicsEvent @ 9_795_625_000us
10:41:43.331 [W0] INFO:	sim_time 9_795_625_000us: StepEvent @ 9_795_625_000us
10:41:43.334 [W0] INFO:	sim_time 9_795_825_000us: GroupedRenderEvent(now=9_795_825_000us)
10:41:43.696 [W0] INFO:	sim_time 9_795_825_000us: PolicyEvent @ 9_795_825_000us
10:41:43.697 [W0] INFO:	Draining 10 outstanding tasks
10:41:45.057 [W0] INFO:	sim_time 9_795_825_000us: ControllerEvent @ 9_795_825_000us
10:41:45.067 [W0] INFO:	sim_time 9_795_825_000us: PhysicsEvent @ 9_795_825_000us
10:41:45.072 [W0] INFO:	sim_time 9_795_825_000us: TrafficEvent @ 9_795_825_000us
10:41:45.074 [W0] INFO:	sim_time 9_795_825_000us: PhysicsEvent @ 9_795_825_000us
10:41:45.076 [W0] INFO:	sim_time 9_795_825_000us: StepEvent @ 9_795_825_000us
10:41:45.079 [W0] INFO:	sim_time 9_796_025_000us: GroupedRenderEvent(now=9_796_025_000us)
10:41:45.455 [W0] INFO:	sim_time 9_796_025_000us: PolicyEvent @ 9_796_025_000us
10:41:45.456 [W0] INFO:	Draining 10 outstanding tasks
10:41:46.819 [W0] INFO:	sim_time 9_796_025_000us: ControllerEvent @ 9_796_025_000us
10:41:46.830 [W0] INFO:	sim_time 9_796_025_000us: PhysicsEvent @ 9_796_025_000us
10:41:46.835 [W0] INFO:	sim_time 9_796_025_000us: TrafficEvent @ 9_796_025_000us
10:41:46.837 [W0] INFO:	sim_time 9_796_025_000us: PhysicsEvent @ 9_796_025_000us
10:41:46.838 [W0] INFO:	sim_time 9_796_025_000us: StepEvent @ 9_796_025_000us
10:41:46.842 [W0] INFO:	sim_time 9_796_225_000us: GroupedRenderEvent(now=9_796_225_000us)
10:41:47.204 [W0] INFO:	sim_time 9_796_225_000us: PolicyEvent @ 9_796_225_000us
10:41:47.205 [W0] INFO:	Draining 10 outstanding tasks
10:41:48.554 [W0] INFO:	sim_time 9_796_225_000us: ControllerEvent @ 9_796_225_000us
10:41:48.565 [W0] INFO:	sim_time 9_796_225_000us: PhysicsEvent @ 9_796_225_000us
10:41:48.569 [W0] INFO:	sim_time 9_796_225_000us: TrafficEvent @ 9_796_225_000us
10:41:48.575 [W0] INFO:	sim_time 9_796_225_000us: PhysicsEvent @ 9_796_225_000us
10:41:48.576 [W0] INFO:	sim_time 9_796_225_000us: StepEvent @ 9_796_225_000us
10:41:48.580 [W0] INFO:	sim_time 9_796_425_000us: GroupedRenderEvent(now=9_796_425_000us)
10:41:48.930 [W0] INFO:	sim_time 9_796_425_000us: PolicyEvent @ 9_796_425_000us
10:41:48.930 [W0] INFO:	Draining 10 outstanding tasks
10:41:50.254 [W0] INFO:	sim_time 9_796_425_000us: ControllerEvent @ 9_796_425_000us
10:41:50.267 [W0] INFO:	sim_time 9_796_425_000us: PhysicsEvent @ 9_796_425_000us
10:41:50.272 [W0] INFO:	sim_time 9_796_425_000us: TrafficEvent @ 9_796_425_000us
10:41:50.274 [W0] INFO:	sim_time 9_796_425_000us: PhysicsEvent @ 9_796_425_000us
10:41:50.275 [W0] INFO:	sim_time 9_796_425_000us: StepEvent @ 9_796_425_000us
10:41:50.278 [W0] INFO:	sim_time 9_796_625_000us: GroupedRenderEvent(now=9_796_625_000us)
10:41:50.641 [W0] INFO:	sim_time 9_796_625_000us: PolicyEvent @ 9_796_625_000us
10:41:50.641 [W0] INFO:	Draining 10 outstanding tasks
10:41:51.967 [W0] INFO:	sim_time 9_796_625_000us: ControllerEvent @ 9_796_625_000us
10:41:51.977 [W0] INFO:	sim_time 9_796_625_000us: PhysicsEvent @ 9_796_625_000us
10:41:51.981 [W0] INFO:	sim_time 9_796_625_000us: TrafficEvent @ 9_796_625_000us
10:41:51.983 [W0] INFO:	sim_time 9_796_625_000us: PhysicsEvent @ 9_796_625_000us
10:41:51.984 [W0] INFO:	sim_time 9_796_625_000us: StepEvent @ 9_796_625_000us
10:41:51.986 [W0] INFO:	sim_time 9_796_825_000us: GroupedRenderEvent(now=9_796_825_000us)
10:41:52.358 [W0] INFO:	sim_time 9_796_825_000us: PolicyEvent @ 9_796_825_000us
10:41:52.358 [W0] INFO:	Draining 10 outstanding tasks
10:41:53.663 [W0] INFO:	sim_time 9_796_825_000us: ControllerEvent @ 9_796_825_000us
10:41:53.675 [W0] INFO:	sim_time 9_796_825_000us: PhysicsEvent @ 9_796_825_000us
10:41:53.680 [W0] INFO:	sim_time 9_796_825_000us: TrafficEvent @ 9_796_825_000us
10:41:53.682 [W0] INFO:	sim_time 9_796_825_000us: PhysicsEvent @ 9_796_825_000us
10:41:53.683 [W0] INFO:	sim_time 9_796_825_000us: StepEvent @ 9_796_825_000us
10:41:53.685 [W0] INFO:	sim_time 9_797_025_000us: GroupedRenderEvent(now=9_797_025_000us)
10:41:54.053 [W0] INFO:	sim_time 9_797_025_000us: PolicyEvent @ 9_797_025_000us
10:41:54.054 [W0] INFO:	Draining 10 outstanding tasks
10:41:55.383 [W0] INFO:	sim_time 9_797_025_000us: ControllerEvent @ 9_797_025_000us
10:41:55.395 [W0] INFO:	sim_time 9_797_025_000us: PhysicsEvent @ 9_797_025_000us
10:41:55.399 [W0] INFO:	sim_time 9_797_025_000us: TrafficEvent @ 9_797_025_000us
10:41:55.401 [W0] INFO:	sim_time 9_797_025_000us: PhysicsEvent @ 9_797_025_000us
10:41:55.402 [W0] INFO:	sim_time 9_797_025_000us: StepEvent @ 9_797_025_000us
10:41:55.404 [W0] INFO:	sim_time 9_797_225_000us: GroupedRenderEvent(now=9_797_225_000us)
10:41:55.766 [W0] INFO:	sim_time 9_797_225_000us: PolicyEvent @ 9_797_225_000us
10:41:55.767 [W0] INFO:	Draining 10 outstanding tasks
10:41:57.112 [W0] INFO:	sim_time 9_797_225_000us: ControllerEvent @ 9_797_225_000us
10:41:57.123 [W0] INFO:	sim_time 9_797_225_000us: PhysicsEvent @ 9_797_225_000us
10:41:57.128 [W0] INFO:	sim_time 9_797_225_000us: TrafficEvent @ 9_797_225_000us
10:41:57.130 [W0] INFO:	sim_time 9_797_225_000us: PhysicsEvent @ 9_797_225_000us
10:41:57.131 [W0] INFO:	sim_time 9_797_225_000us: StepEvent @ 9_797_225_000us
10:41:57.134 [W0] INFO:	sim_time 9_797_425_000us: GroupedRenderEvent(now=9_797_425_000us)
10:41:57.474 [W0] INFO:	sim_time 9_797_425_000us: PolicyEvent @ 9_797_425_000us
10:41:57.475 [W0] INFO:	Draining 10 outstanding tasks
10:41:58.791 [W0] INFO:	sim_time 9_797_425_000us: ControllerEvent @ 9_797_425_000us
10:41:58.803 [W0] INFO:	sim_time 9_797_425_000us: PhysicsEvent @ 9_797_425_000us
10:41:58.808 [W0] INFO:	sim_time 9_797_425_000us: TrafficEvent @ 9_797_425_000us
10:41:58.810 [W0] INFO:	sim_time 9_797_425_000us: PhysicsEvent @ 9_797_425_000us
10:41:58.811 [W0] INFO:	sim_time 9_797_425_000us: StepEvent @ 9_797_425_000us
10:41:58.814 [W0] INFO:	sim_time 9_797_625_000us: GroupedRenderEvent(now=9_797_625_000us)
10:41:59.145 [W0] INFO:	sim_time 9_797_625_000us: PolicyEvent @ 9_797_625_000us
10:41:59.146 [W0] INFO:	Draining 10 outstanding tasks
10:42:00.474 [W0] INFO:	sim_time 9_797_625_000us: ControllerEvent @ 9_797_625_000us
10:42:00.486 [W0] INFO:	sim_time 9_797_625_000us: PhysicsEvent @ 9_797_625_000us
10:42:00.491 [W0] INFO:	sim_time 9_797_625_000us: TrafficEvent @ 9_797_625_000us
10:42:00.493 [W0] INFO:	sim_time 9_797_625_000us: PhysicsEvent @ 9_797_625_000us
10:42:00.494 [W0] INFO:	sim_time 9_797_625_000us: StepEvent @ 9_797_625_000us
10:42:00.499 [W0] INFO:	sim_time 9_797_825_000us: GroupedRenderEvent(now=9_797_825_000us)
10:42:00.835 [W0] INFO:	sim_time 9_797_825_000us: PolicyEvent @ 9_797_825_000us
10:42:00.835 [W0] INFO:	Draining 10 outstanding tasks
10:42:02.156 [W0] INFO:	sim_time 9_797_825_000us: ControllerEvent @ 9_797_825_000us
10:42:02.166 [W0] INFO:	sim_time 9_797_825_000us: PhysicsEvent @ 9_797_825_000us
10:42:02.170 [W0] INFO:	sim_time 9_797_825_000us: TrafficEvent @ 9_797_825_000us
10:42:02.172 [W0] INFO:	sim_time 9_797_825_000us: PhysicsEvent @ 9_797_825_000us
10:42:02.174 [W0] INFO:	sim_time 9_797_825_000us: StepEvent @ 9_797_825_000us
10:42:02.177 [W0] INFO:	sim_time 9_798_025_000us: GroupedRenderEvent(now=9_798_025_000us)
10:42:02.514 [W0] INFO:	sim_time 9_798_025_000us: PolicyEvent @ 9_798_025_000us
10:42:02.514 [W0] INFO:	Draining 10 outstanding tasks
10:42:03.834 [W0] INFO:	sim_time 9_798_025_000us: ControllerEvent @ 9_798_025_000us
10:42:03.846 [W0] INFO:	sim_time 9_798_025_000us: PhysicsEvent @ 9_798_025_000us
10:42:03.851 [W0] INFO:	sim_time 9_798_025_000us: TrafficEvent @ 9_798_025_000us
10:42:03.855 [W0] INFO:	sim_time 9_798_025_000us: PhysicsEvent @ 9_798_025_000us
10:42:03.856 [W0] INFO:	sim_time 9_798_025_000us: StepEvent @ 9_798_025_000us
10:42:03.858 [W0] INFO:	sim_time 9_798_225_000us: GroupedRenderEvent(now=9_798_225_000us)
10:42:04.190 [W0] INFO:	sim_time 9_798_225_000us: PolicyEvent @ 9_798_225_000us
10:42:04.191 [W0] INFO:	Draining 10 outstanding tasks
10:42:05.511 [W0] INFO:	sim_time 9_798_225_000us: ControllerEvent @ 9_798_225_000us
10:42:05.522 [W0] INFO:	sim_time 9_798_225_000us: PhysicsEvent @ 9_798_225_000us
10:42:05.527 [W0] INFO:	sim_time 9_798_225_000us: TrafficEvent @ 9_798_225_000us
10:42:05.528 [W0] INFO:	sim_time 9_798_225_000us: PhysicsEvent @ 9_798_225_000us
10:42:05.529 [W0] INFO:	sim_time 9_798_225_000us: StepEvent @ 9_798_225_000us
10:42:05.531 [W0] INFO:	sim_time 9_798_425_000us: GroupedRenderEvent(now=9_798_425_000us)
10:42:05.859 [W0] INFO:	sim_time 9_798_425_000us: PolicyEvent @ 9_798_425_000us
10:42:05.859 [W0] INFO:	Draining 10 outstanding tasks
10:42:07.172 [W0] INFO:	sim_time 9_798_425_000us: ControllerEvent @ 9_798_425_000us
10:42:07.183 [W0] INFO:	sim_time 9_798_425_000us: PhysicsEvent @ 9_798_425_000us
10:42:07.187 [W0] INFO:	sim_time 9_798_425_000us: TrafficEvent @ 9_798_425_000us
10:42:07.191 [W0] INFO:	sim_time 9_798_425_000us: PhysicsEvent @ 9_798_425_000us
10:42:07.192 [W0] INFO:	sim_time 9_798_425_000us: StepEvent @ 9_798_425_000us
10:42:07.195 [W0] INFO:	sim_time 9_798_625_000us: GroupedRenderEvent(now=9_798_625_000us)
10:42:07.521 [W0] INFO:	sim_time 9_798_625_000us: PolicyEvent @ 9_798_625_000us
10:42:07.521 [W0] INFO:	Draining 10 outstanding tasks
10:42:08.845 [W0] INFO:	sim_time 9_798_625_000us: ControllerEvent @ 9_798_625_000us
10:42:08.856 [W0] INFO:	sim_time 9_798_625_000us: PhysicsEvent @ 9_798_625_000us
10:42:08.860 [W0] INFO:	sim_time 9_798_625_000us: TrafficEvent @ 9_798_625_000us
10:42:08.861 [W0] INFO:	sim_time 9_798_625_000us: PhysicsEvent @ 9_798_625_000us
10:42:08.862 [W0] INFO:	sim_time 9_798_625_000us: StepEvent @ 9_798_625_000us
10:42:08.864 [W0] INFO:	sim_time 9_798_825_000us: GroupedRenderEvent(now=9_798_825_000us)
10:42:09.205 [W0] INFO:	sim_time 9_798_825_000us: PolicyEvent @ 9_798_825_000us
10:42:09.206 [W0] INFO:	Draining 10 outstanding tasks
10:42:10.527 [W0] INFO:	sim_time 9_798_825_000us: ControllerEvent @ 9_798_825_000us
10:42:10.538 [W0] INFO:	sim_time 9_798_825_000us: PhysicsEvent @ 9_798_825_000us
10:42:10.543 [W0] INFO:	sim_time 9_798_825_000us: TrafficEvent @ 9_798_825_000us
10:42:10.544 [W0] INFO:	sim_time 9_798_825_000us: PhysicsEvent @ 9_798_825_000us
10:42:10.545 [W0] INFO:	sim_time 9_798_825_000us: StepEvent @ 9_798_825_000us
10:42:10.547 [W0] INFO:	sim_time 9_799_025_000us: GroupedRenderEvent(now=9_799_025_000us)
10:42:10.870 [W0] INFO:	sim_time 9_799_025_000us: PolicyEvent @ 9_799_025_000us
10:42:10.871 [W0] INFO:	Draining 10 outstanding tasks
10:42:12.189 [W0] INFO:	sim_time 9_799_025_000us: ControllerEvent @ 9_799_025_000us
10:42:12.201 [W0] INFO:	sim_time 9_799_025_000us: PhysicsEvent @ 9_799_025_000us
10:42:12.206 [W0] INFO:	sim_time 9_799_025_000us: TrafficEvent @ 9_799_025_000us
10:42:12.207 [W0] INFO:	sim_time 9_799_025_000us: PhysicsEvent @ 9_799_025_000us
10:42:12.208 [W0] INFO:	sim_time 9_799_025_000us: StepEvent @ 9_799_025_000us
10:42:12.210 [W0] INFO:	sim_time 9_799_225_000us: GroupedRenderEvent(now=9_799_225_000us)
10:42:12.588 [W0] INFO:	sim_time 9_799_225_000us: PolicyEvent @ 9_799_225_000us
10:42:12.588 [W0] INFO:	Draining 10 outstanding tasks
10:42:13.900 [W0] INFO:	sim_time 9_799_225_000us: ControllerEvent @ 9_799_225_000us
10:42:13.911 [W0] INFO:	sim_time 9_799_225_000us: PhysicsEvent @ 9_799_225_000us
10:42:13.916 [W0] INFO:	sim_time 9_799_225_000us: TrafficEvent @ 9_799_225_000us
10:42:13.917 [W0] INFO:	sim_time 9_799_225_000us: PhysicsEvent @ 9_799_225_000us
10:42:13.918 [W0] INFO:	sim_time 9_799_225_000us: StepEvent @ 9_799_225_000us
10:42:13.920 [W0] INFO:	sim_time 9_799_425_000us: GroupedRenderEvent(now=9_799_425_000us)
10:42:14.236 [W0] INFO:	sim_time 9_799_425_000us: PolicyEvent @ 9_799_425_000us
10:42:14.236 [W0] INFO:	Draining 10 outstanding tasks
10:42:15.568 [W0] INFO:	sim_time 9_799_425_000us: ControllerEvent @ 9_799_425_000us
10:42:15.579 [W0] INFO:	sim_time 9_799_425_000us: PhysicsEvent @ 9_799_425_000us
10:42:15.584 [W0] INFO:	sim_time 9_799_425_000us: TrafficEvent @ 9_799_425_000us
10:42:15.589 [W0] INFO:	sim_time 9_799_425_000us: PhysicsEvent @ 9_799_425_000us
10:42:15.590 [W0] INFO:	sim_time 9_799_425_000us: StepEvent @ 9_799_425_000us
10:42:15.592 [W0] INFO:	sim_time 9_799_625_000us: GroupedRenderEvent(now=9_799_625_000us)
10:42:15.904 [W0] INFO:	sim_time 9_799_625_000us: PolicyEvent @ 9_799_625_000us
10:42:15.904 [W0] INFO:	Draining 10 outstanding tasks
10:42:17.228 [W0] INFO:	sim_time 9_799_625_000us: ControllerEvent @ 9_799_625_000us
10:42:17.240 [W0] INFO:	sim_time 9_799_625_000us: PhysicsEvent @ 9_799_625_000us
10:42:17.244 [W0] INFO:	sim_time 9_799_625_000us: TrafficEvent @ 9_799_625_000us
10:42:17.245 [W0] INFO:	sim_time 9_799_625_000us: PhysicsEvent @ 9_799_625_000us
10:42:17.246 [W0] INFO:	sim_time 9_799_625_000us: StepEvent @ 9_799_625_000us
10:42:17.248 [W0] INFO:	sim_time 9_799_825_000us: GroupedRenderEvent(now=9_799_825_000us)
10:42:17.562 [W0] INFO:	sim_time 9_799_825_000us: PolicyEvent @ 9_799_825_000us
10:42:17.563 [W0] INFO:	Draining 10 outstanding tasks
10:42:18.859 [W0] INFO:	sim_time 9_799_825_000us: ControllerEvent @ 9_799_825_000us
10:42:18.870 [W0] INFO:	sim_time 9_799_825_000us: PhysicsEvent @ 9_799_825_000us
10:42:18.875 [W0] INFO:	sim_time 9_799_825_000us: TrafficEvent @ 9_799_825_000us
10:42:18.876 [W0] INFO:	sim_time 9_799_825_000us: PhysicsEvent @ 9_799_825_000us
10:42:18.877 [W0] INFO:	sim_time 9_799_825_000us: StepEvent @ 9_799_825_000us
10:42:18.879 [W0] INFO:	sim_time 9_800_025_000us: GroupedRenderEvent(now=9_800_025_000us)
10:42:19.193 [W0] INFO:	sim_time 9_800_025_000us: PolicyEvent @ 9_800_025_000us
10:42:19.193 [W0] INFO:	Draining 10 outstanding tasks
10:42:20.495 [W0] INFO:	sim_time 9_800_025_000us: ControllerEvent @ 9_800_025_000us
10:42:20.506 [W0] INFO:	sim_time 9_800_025_000us: PhysicsEvent @ 9_800_025_000us
10:42:20.511 [W0] INFO:	sim_time 9_800_025_000us: TrafficEvent @ 9_800_025_000us
10:42:20.512 [W0] INFO:	sim_time 9_800_025_000us: PhysicsEvent @ 9_800_025_000us
10:42:20.513 [W0] INFO:	sim_time 9_800_025_000us: StepEvent @ 9_800_025_000us
10:42:20.515 [W0] INFO:	sim_time 9_800_225_000us: GroupedRenderEvent(now=9_800_225_000us)
10:42:20.824 [W0] INFO:	sim_time 9_800_225_000us: PolicyEvent @ 9_800_225_000us
10:42:20.824 [W0] INFO:	Draining 10 outstanding tasks
10:42:22.136 [W0] INFO:	sim_time 9_800_225_000us: ControllerEvent @ 9_800_225_000us
10:42:22.147 [W0] INFO:	sim_time 9_800_225_000us: PhysicsEvent @ 9_800_225_000us
10:42:22.151 [W0] INFO:	sim_time 9_800_225_000us: TrafficEvent @ 9_800_225_000us
10:42:22.152 [W0] INFO:	sim_time 9_800_225_000us: PhysicsEvent @ 9_800_225_000us
10:42:22.153 [W0] INFO:	sim_time 9_800_225_000us: StepEvent @ 9_800_225_000us
10:42:22.155 [W0] INFO:	sim_time 9_800_425_000us: GroupedRenderEvent(now=9_800_425_000us)
10:42:22.477 [W0] INFO:	sim_time 9_800_425_000us: PolicyEvent @ 9_800_425_000us
10:42:22.477 [W0] INFO:	Draining 10 outstanding tasks
10:42:23.799 [W0] INFO:	sim_time 9_800_425_000us: ControllerEvent @ 9_800_425_000us
10:42:23.810 [W0] INFO:	sim_time 9_800_425_000us: PhysicsEvent @ 9_800_425_000us
10:42:23.814 [W0] INFO:	sim_time 9_800_425_000us: TrafficEvent @ 9_800_425_000us
10:42:23.819 [W0] INFO:	sim_time 9_800_425_000us: PhysicsEvent @ 9_800_425_000us
10:42:23.820 [W0] INFO:	sim_time 9_800_425_000us: StepEvent @ 9_800_425_000us
10:42:23.822 [W0] INFO:	sim_time 9_800_625_000us: GroupedRenderEvent(now=9_800_625_000us)
10:42:24.151 [W0] INFO:	sim_time 9_800_625_000us: PolicyEvent @ 9_800_625_000us
10:42:24.151 [W0] INFO:	Draining 10 outstanding tasks
10:42:25.453 [W0] INFO:	sim_time 9_800_625_000us: ControllerEvent @ 9_800_625_000us
10:42:25.464 [W0] INFO:	sim_time 9_800_625_000us: PhysicsEvent @ 9_800_625_000us
10:42:25.468 [W0] INFO:	sim_time 9_800_625_000us: TrafficEvent @ 9_800_625_000us
10:42:25.469 [W0] INFO:	sim_time 9_800_625_000us: PhysicsEvent @ 9_800_625_000us
10:42:25.470 [W0] INFO:	sim_time 9_800_625_000us: StepEvent @ 9_800_625_000us
10:42:25.472 [W0] INFO:	sim_time 9_800_825_000us: GroupedRenderEvent(now=9_800_825_000us)
10:42:25.787 [W0] INFO:	sim_time 9_800_825_000us: PolicyEvent @ 9_800_825_000us
10:42:25.787 [W0] INFO:	Draining 10 outstanding tasks
10:42:27.075 [W0] INFO:	sim_time 9_800_825_000us: ControllerEvent @ 9_800_825_000us
10:42:27.086 [W0] INFO:	sim_time 9_800_825_000us: PhysicsEvent @ 9_800_825_000us
10:42:27.090 [W0] INFO:	sim_time 9_800_825_000us: TrafficEvent @ 9_800_825_000us
10:42:27.092 [W0] INFO:	sim_time 9_800_825_000us: PhysicsEvent @ 9_800_825_000us
10:42:27.092 [W0] INFO:	sim_time 9_800_825_000us: StepEvent @ 9_800_825_000us
10:42:27.094 [W0] INFO:	sim_time 9_801_025_000us: GroupedRenderEvent(now=9_801_025_000us)
10:42:27.404 [W0] INFO:	sim_time 9_801_025_000us: PolicyEvent @ 9_801_025_000us
10:42:27.405 [W0] INFO:	Draining 10 outstanding tasks
10:42:28.697 [W0] INFO:	sim_time 9_801_025_000us: ControllerEvent @ 9_801_025_000us
10:42:28.708 [W0] INFO:	sim_time 9_801_025_000us: PhysicsEvent @ 9_801_025_000us
10:42:28.712 [W0] INFO:	sim_time 9_801_025_000us: TrafficEvent @ 9_801_025_000us
10:42:28.713 [W0] INFO:	sim_time 9_801_025_000us: PhysicsEvent @ 9_801_025_000us
10:42:28.714 [W0] INFO:	sim_time 9_801_025_000us: StepEvent @ 9_801_025_000us
10:42:28.716 [W0] INFO:	sim_time 9_801_225_000us: GroupedRenderEvent(now=9_801_225_000us)
10:42:29.033 [W0] INFO:	sim_time 9_801_225_000us: PolicyEvent @ 9_801_225_000us
10:42:29.033 [W0] INFO:	Draining 10 outstanding tasks
10:42:30.322 [W0] INFO:	sim_time 9_801_225_000us: ControllerEvent @ 9_801_225_000us
10:42:30.332 [W0] INFO:	sim_time 9_801_225_000us: PhysicsEvent @ 9_801_225_000us
10:42:30.337 [W0] INFO:	sim_time 9_801_225_000us: TrafficEvent @ 9_801_225_000us
10:42:30.338 [W0] INFO:	sim_time 9_801_225_000us: PhysicsEvent @ 9_801_225_000us
10:42:30.339 [W0] INFO:	sim_time 9_801_225_000us: StepEvent @ 9_801_225_000us
10:42:30.341 [W0] INFO:	sim_time 9_801_425_000us: GroupedRenderEvent(now=9_801_425_000us)
10:42:30.651 [W0] INFO:	sim_time 9_801_425_000us: PolicyEvent @ 9_801_425_000us
10:42:30.651 [W0] INFO:	Draining 10 outstanding tasks
10:42:31.930 [W0] INFO:	sim_time 9_801_425_000us: ControllerEvent @ 9_801_425_000us
10:42:31.941 [W0] INFO:	sim_time 9_801_425_000us: PhysicsEvent @ 9_801_425_000us
10:42:31.946 [W0] INFO:	sim_time 9_801_425_000us: TrafficEvent @ 9_801_425_000us
10:42:31.947 [W0] INFO:	sim_time 9_801_425_000us: PhysicsEvent @ 9_801_425_000us
10:42:31.948 [W0] INFO:	sim_time 9_801_425_000us: StepEvent @ 9_801_425_000us
10:42:31.953 [W0] INFO:	sim_time 9_801_625_000us: GroupedRenderEvent(now=9_801_625_000us)
10:42:32.260 [W0] INFO:	sim_time 9_801_625_000us: PolicyEvent @ 9_801_625_000us
10:42:32.260 [W0] INFO:	Draining 10 outstanding tasks
10:42:33.551 [W0] INFO:	sim_time 9_801_625_000us: ControllerEvent @ 9_801_625_000us
10:42:33.564 [W0] INFO:	sim_time 9_801_625_000us: PhysicsEvent @ 9_801_625_000us
10:42:33.568 [W0] INFO:	sim_time 9_801_625_000us: TrafficEvent @ 9_801_625_000us
10:42:33.570 [W0] INFO:	sim_time 9_801_625_000us: PhysicsEvent @ 9_801_625_000us
10:42:33.570 [W0] INFO:	sim_time 9_801_625_000us: StepEvent @ 9_801_625_000us
10:42:33.572 [W0] INFO:	sim_time 9_801_825_000us: GroupedRenderEvent(now=9_801_825_000us)
10:42:33.886 [W0] INFO:	sim_time 9_801_825_000us: PolicyEvent @ 9_801_825_000us
10:42:33.886 [W0] INFO:	Draining 10 outstanding tasks
10:42:35.188 [W0] INFO:	sim_time 9_801_825_000us: ControllerEvent @ 9_801_825_000us
10:42:35.200 [W0] INFO:	sim_time 9_801_825_000us: PhysicsEvent @ 9_801_825_000us
10:42:35.204 [W0] INFO:	sim_time 9_801_825_000us: TrafficEvent @ 9_801_825_000us
10:42:35.206 [W0] INFO:	sim_time 9_801_825_000us: PhysicsEvent @ 9_801_825_000us
10:42:35.206 [W0] INFO:	sim_time 9_801_825_000us: StepEvent @ 9_801_825_000us
10:42:35.209 [W0] INFO:	sim_time 9_802_025_000us: GroupedRenderEvent(now=9_802_025_000us)
10:42:35.529 [W0] INFO:	sim_time 9_802_025_000us: PolicyEvent @ 9_802_025_000us
10:42:35.530 [W0] INFO:	Draining 10 outstanding tasks
10:42:36.812 [W0] INFO:	sim_time 9_802_025_000us: ControllerEvent @ 9_802_025_000us
10:42:36.822 [W0] INFO:	sim_time 9_802_025_000us: PhysicsEvent @ 9_802_025_000us
10:42:36.827 [W0] INFO:	sim_time 9_802_025_000us: TrafficEvent @ 9_802_025_000us
10:42:36.828 [W0] INFO:	sim_time 9_802_025_000us: PhysicsEvent @ 9_802_025_000us
10:42:36.829 [W0] INFO:	sim_time 9_802_025_000us: StepEvent @ 9_802_025_000us
10:42:36.831 [W0] INFO:	sim_time 9_802_225_000us: GroupedRenderEvent(now=9_802_225_000us)
10:42:37.166 [W0] INFO:	sim_time 9_802_225_000us: PolicyEvent @ 9_802_225_000us
10:42:37.166 [W0] INFO:	Draining 10 outstanding tasks
10:42:38.447 [W0] INFO:	sim_time 9_802_225_000us: ControllerEvent @ 9_802_225_000us
10:42:38.458 [W0] INFO:	sim_time 9_802_225_000us: PhysicsEvent @ 9_802_225_000us
10:42:38.462 [W0] INFO:	sim_time 9_802_225_000us: TrafficEvent @ 9_802_225_000us
10:42:38.464 [W0] INFO:	sim_time 9_802_225_000us: PhysicsEvent @ 9_802_225_000us
10:42:38.464 [W0] INFO:	sim_time 9_802_225_000us: StepEvent @ 9_802_225_000us
10:42:38.466 [W0] INFO:	sim_time 9_802_425_000us: GroupedRenderEvent(now=9_802_425_000us)
10:42:38.792 [W0] INFO:	sim_time 9_802_425_000us: PolicyEvent @ 9_802_425_000us
10:42:38.792 [W0] INFO:	Draining 10 outstanding tasks
10:42:40.067 [W0] INFO:	sim_time 9_802_425_000us: ControllerEvent @ 9_802_425_000us
10:42:40.083 [W0] INFO:	sim_time 9_802_425_000us: PhysicsEvent @ 9_802_425_000us
10:42:40.087 [W0] INFO:	sim_time 9_802_425_000us: TrafficEvent @ 9_802_425_000us
10:42:40.089 [W0] INFO:	sim_time 9_802_425_000us: PhysicsEvent @ 9_802_425_000us
10:42:40.090 [W0] INFO:	sim_time 9_802_425_000us: StepEvent @ 9_802_425_000us
10:42:40.092 [W0] INFO:	sim_time 9_802_625_000us: GroupedRenderEvent(now=9_802_625_000us)
10:42:40.416 [W0] INFO:	sim_time 9_802_625_000us: PolicyEvent @ 9_802_625_000us
10:42:40.416 [W0] INFO:	Draining 10 outstanding tasks
10:42:41.690 [W0] INFO:	sim_time 9_802_625_000us: ControllerEvent @ 9_802_625_000us
10:42:41.701 [W0] INFO:	sim_time 9_802_625_000us: PhysicsEvent @ 9_802_625_000us
10:42:41.705 [W0] INFO:	sim_time 9_802_625_000us: TrafficEvent @ 9_802_625_000us
10:42:41.706 [W0] INFO:	sim_time 9_802_625_000us: PhysicsEvent @ 9_802_625_000us
10:42:41.707 [W0] INFO:	sim_time 9_802_625_000us: StepEvent @ 9_802_625_000us
10:42:41.709 [W0] INFO:	sim_time 9_802_825_000us: GroupedRenderEvent(now=9_802_825_000us)
10:42:42.023 [W0] INFO:	sim_time 9_802_825_000us: PolicyEvent @ 9_802_825_000us
10:42:42.023 [W0] INFO:	Draining 10 outstanding tasks
10:42:43.304 [W0] INFO:	sim_time 9_802_825_000us: ControllerEvent @ 9_802_825_000us
10:42:43.315 [W0] INFO:	sim_time 9_802_825_000us: PhysicsEvent @ 9_802_825_000us
10:42:43.320 [W0] INFO:	sim_time 9_802_825_000us: TrafficEvent @ 9_802_825_000us
10:42:43.321 [W0] INFO:	sim_time 9_802_825_000us: PhysicsEvent @ 9_802_825_000us
10:42:43.322 [W0] INFO:	sim_time 9_802_825_000us: StepEvent @ 9_802_825_000us
10:42:43.327 [W0] INFO:	sim_time 9_803_025_000us: GroupedRenderEvent(now=9_803_025_000us)
10:42:43.641 [W0] INFO:	sim_time 9_803_025_000us: PolicyEvent @ 9_803_025_000us
10:42:43.641 [W0] INFO:	Draining 10 outstanding tasks
10:42:44.940 [W0] INFO:	sim_time 9_803_025_000us: ControllerEvent @ 9_803_025_000us
10:42:44.951 [W0] INFO:	sim_time 9_803_025_000us: PhysicsEvent @ 9_803_025_000us
10:42:44.956 [W0] INFO:	sim_time 9_803_025_000us: TrafficEvent @ 9_803_025_000us
10:42:44.957 [W0] INFO:	sim_time 9_803_025_000us: PhysicsEvent @ 9_803_025_000us
10:42:44.958 [W0] INFO:	sim_time 9_803_025_000us: StepEvent @ 9_803_025_000us
10:42:44.960 [W0] INFO:	sim_time 9_803_225_000us: GroupedRenderEvent(now=9_803_225_000us)
10:42:45.274 [W0] INFO:	sim_time 9_803_225_000us: PolicyEvent @ 9_803_225_000us
10:42:45.274 [W0] INFO:	Draining 10 outstanding tasks
10:42:46.544 [W0] INFO:	sim_time 9_803_225_000us: ControllerEvent @ 9_803_225_000us
10:42:46.555 [W0] INFO:	sim_time 9_803_225_000us: PhysicsEvent @ 9_803_225_000us
10:42:46.559 [W0] INFO:	sim_time 9_803_225_000us: TrafficEvent @ 9_803_225_000us
10:42:46.561 [W0] INFO:	sim_time 9_803_225_000us: PhysicsEvent @ 9_803_225_000us
10:42:46.561 [W0] INFO:	sim_time 9_803_225_000us: StepEvent @ 9_803_225_000us
10:42:46.563 [W0] INFO:	sim_time 9_803_425_000us: GroupedRenderEvent(now=9_803_425_000us)
10:42:46.886 [W0] INFO:	sim_time 9_803_425_000us: PolicyEvent @ 9_803_425_000us
10:42:46.886 [W0] INFO:	Draining 10 outstanding tasks
10:42:48.173 [W0] INFO:	sim_time 9_803_425_000us: ControllerEvent @ 9_803_425_000us
10:42:48.186 [W0] INFO:	sim_time 9_803_425_000us: PhysicsEvent @ 9_803_425_000us
10:42:48.190 [W0] INFO:	sim_time 9_803_425_000us: TrafficEvent @ 9_803_425_000us
10:42:48.191 [W0] INFO:	sim_time 9_803_425_000us: PhysicsEvent @ 9_803_425_000us
10:42:48.192 [W0] INFO:	sim_time 9_803_425_000us: StepEvent @ 9_803_425_000us
10:42:48.194 [W0] INFO:	sim_time 9_803_625_000us: GroupedRenderEvent(now=9_803_625_000us)
10:42:48.507 [W0] INFO:	sim_time 9_803_625_000us: PolicyEvent @ 9_803_625_000us
10:42:48.508 [W0] INFO:	Draining 10 outstanding tasks
10:42:49.778 [W0] INFO:	sim_time 9_803_625_000us: ControllerEvent @ 9_803_625_000us
10:42:49.791 [W0] INFO:	sim_time 9_803_625_000us: PhysicsEvent @ 9_803_625_000us
10:42:49.795 [W0] INFO:	sim_time 9_803_625_000us: TrafficEvent @ 9_803_625_000us
10:42:49.797 [W0] INFO:	sim_time 9_803_625_000us: PhysicsEvent @ 9_803_625_000us
10:42:49.797 [W0] INFO:	sim_time 9_803_625_000us: StepEvent @ 9_803_625_000us
10:42:49.799 [W0] INFO:	sim_time 9_803_825_000us: GroupedRenderEvent(now=9_803_825_000us)
10:42:50.118 [W0] INFO:	sim_time 9_803_825_000us: PolicyEvent @ 9_803_825_000us
10:42:50.119 [W0] INFO:	Draining 10 outstanding tasks
10:42:51.391 [W0] INFO:	sim_time 9_803_825_000us: ControllerEvent @ 9_803_825_000us
10:42:51.402 [W0] INFO:	sim_time 9_803_825_000us: PhysicsEvent @ 9_803_825_000us
10:42:51.406 [W0] INFO:	sim_time 9_803_825_000us: TrafficEvent @ 9_803_825_000us
10:42:51.408 [W0] INFO:	sim_time 9_803_825_000us: PhysicsEvent @ 9_803_825_000us
10:42:51.409 [W0] INFO:	sim_time 9_803_825_000us: StepEvent @ 9_803_825_000us
10:42:51.412 [W0] INFO:	sim_time 9_804_025_000us: GroupedRenderEvent(now=9_804_025_000us)
10:42:51.735 [W0] INFO:	sim_time 9_804_025_000us: PolicyEvent @ 9_804_025_000us
10:42:51.739 [W0] INFO:	Draining 10 outstanding tasks
10:42:53.012 [W0] INFO:	sim_time 9_804_025_000us: ControllerEvent @ 9_804_025_000us
10:42:53.023 [W0] INFO:	sim_time 9_804_025_000us: PhysicsEvent @ 9_804_025_000us
10:42:53.028 [W0] INFO:	sim_time 9_804_025_000us: TrafficEvent @ 9_804_025_000us
10:42:53.029 [W0] INFO:	sim_time 9_804_025_000us: PhysicsEvent @ 9_804_025_000us
10:42:53.029 [W0] INFO:	sim_time 9_804_025_000us: StepEvent @ 9_804_025_000us
10:42:53.031 [W0] INFO:	sim_time 9_804_225_000us: GroupedRenderEvent(now=9_804_225_000us)
10:42:53.373 [W0] INFO:	sim_time 9_804_225_000us: PolicyEvent @ 9_804_225_000us
10:42:53.373 [W0] INFO:	Draining 10 outstanding tasks
10:42:54.650 [W0] INFO:	sim_time 9_804_225_000us: ControllerEvent @ 9_804_225_000us
10:42:54.665 [W0] INFO:	sim_time 9_804_225_000us: PhysicsEvent @ 9_804_225_000us
10:42:54.669 [W0] INFO:	sim_time 9_804_225_000us: TrafficEvent @ 9_804_225_000us
10:42:54.670 [W0] INFO:	sim_time 9_804_225_000us: PhysicsEvent @ 9_804_225_000us
10:42:54.671 [W0] INFO:	sim_time 9_804_225_000us: StepEvent @ 9_804_225_000us
10:42:54.673 [W0] INFO:	sim_time 9_804_425_000us: GroupedRenderEvent(now=9_804_425_000us)
10:42:54.995 [W0] INFO:	sim_time 9_804_425_000us: PolicyEvent @ 9_804_425_000us
10:42:54.995 [W0] INFO:	Draining 10 outstanding tasks
10:42:56.251 [W0] INFO:	sim_time 9_804_425_000us: ControllerEvent @ 9_804_425_000us
10:42:56.263 [W0] INFO:	sim_time 9_804_425_000us: PhysicsEvent @ 9_804_425_000us
10:42:56.267 [W0] INFO:	sim_time 9_804_425_000us: TrafficEvent @ 9_804_425_000us
10:42:56.268 [W0] INFO:	sim_time 9_804_425_000us: PhysicsEvent @ 9_804_425_000us
10:42:56.269 [W0] INFO:	sim_time 9_804_425_000us: StepEvent @ 9_804_425_000us
10:42:56.271 [W0] INFO:	sim_time 9_804_625_000us: GroupedRenderEvent(now=9_804_625_000us)
10:42:56.591 [W0] INFO:	sim_time 9_804_625_000us: PolicyEvent @ 9_804_625_000us
10:42:56.592 [W0] INFO:	Draining 10 outstanding tasks
10:42:57.836 [W0] INFO:	sim_time 9_804_625_000us: ControllerEvent @ 9_804_625_000us
10:42:57.847 [W0] INFO:	sim_time 9_804_625_000us: PhysicsEvent @ 9_804_625_000us
10:42:57.850 [W0] INFO:	sim_time 9_804_625_000us: TrafficEvent @ 9_804_625_000us
10:42:57.855 [W0] INFO:	sim_time 9_804_625_000us: PhysicsEvent @ 9_804_625_000us
10:42:57.856 [W0] INFO:	sim_time 9_804_625_000us: StepEvent @ 9_804_625_000us
10:42:57.859 [W0] INFO:	sim_time 9_804_825_000us: GroupedRenderEvent(now=9_804_825_000us)
10:42:58.191 [W0] INFO:	sim_time 9_804_825_000us: PolicyEvent @ 9_804_825_000us
10:42:58.191 [W0] INFO:	Draining 10 outstanding tasks
10:42:59.432 [W0] INFO:	sim_time 9_804_825_000us: ControllerEvent @ 9_804_825_000us
10:42:59.443 [W0] INFO:	sim_time 9_804_825_000us: PhysicsEvent @ 9_804_825_000us
10:42:59.447 [W0] INFO:	sim_time 9_804_825_000us: TrafficEvent @ 9_804_825_000us
10:42:59.448 [W0] INFO:	sim_time 9_804_825_000us: PhysicsEvent @ 9_804_825_000us
10:42:59.449 [W0] INFO:	sim_time 9_804_825_000us: StepEvent @ 9_804_825_000us
10:42:59.452 [W0] INFO:	sim_time 9_805_025_000us: GroupedRenderEvent(now=9_805_025_000us)
10:42:59.773 [W0] INFO:	sim_time 9_805_025_000us: PolicyEvent @ 9_805_025_000us
10:42:59.773 [W0] INFO:	Draining 10 outstanding tasks
10:43:01.021 [W0] INFO:	sim_time 9_805_025_000us: ControllerEvent @ 9_805_025_000us
10:43:01.033 [W0] INFO:	sim_time 9_805_025_000us: PhysicsEvent @ 9_805_025_000us
10:43:01.037 [W0] INFO:	sim_time 9_805_025_000us: TrafficEvent @ 9_805_025_000us
10:43:01.042 [W0] INFO:	sim_time 9_805_025_000us: PhysicsEvent @ 9_805_025_000us
10:43:01.043 [W0] INFO:	sim_time 9_805_025_000us: StepEvent @ 9_805_025_000us
10:43:01.049 [W0] INFO:	sim_time 9_805_225_000us: GroupedRenderEvent(now=9_805_225_000us)
10:43:01.373 [W0] INFO:	sim_time 9_805_225_000us: PolicyEvent @ 9_805_225_000us
10:43:01.374 [W0] INFO:	Draining 10 outstanding tasks
10:43:02.658 [W0] INFO:	sim_time 9_805_225_000us: ControllerEvent @ 9_805_225_000us
10:43:02.669 [W0] INFO:	sim_time 9_805_225_000us: PhysicsEvent @ 9_805_225_000us
10:43:02.673 [W0] INFO:	sim_time 9_805_225_000us: TrafficEvent @ 9_805_225_000us
10:43:02.675 [W0] INFO:	sim_time 9_805_225_000us: PhysicsEvent @ 9_805_225_000us
10:43:02.676 [W0] INFO:	sim_time 9_805_225_000us: StepEvent @ 9_805_225_000us
10:43:02.679 [W0] INFO:	sim_time 9_805_425_000us: GroupedRenderEvent(now=9_805_425_000us)
10:43:02.995 [W0] INFO:	sim_time 9_805_425_000us: PolicyEvent @ 9_805_425_000us
10:43:02.995 [W0] INFO:	Draining 10 outstanding tasks
10:43:04.297 [W0] INFO:	sim_time 9_805_425_000us: ControllerEvent @ 9_805_425_000us
10:43:04.309 [W0] INFO:	sim_time 9_805_425_000us: PhysicsEvent @ 9_805_425_000us
10:43:04.313 [W0] INFO:	sim_time 9_805_425_000us: TrafficEvent @ 9_805_425_000us
10:43:04.319 [W0] INFO:	sim_time 9_805_425_000us: PhysicsEvent @ 9_805_425_000us
10:43:04.320 [W0] INFO:	sim_time 9_805_425_000us: StepEvent @ 9_805_425_000us
10:43:04.323 [W0] INFO:	sim_time 9_805_625_000us: GroupedRenderEvent(now=9_805_625_000us)
10:43:04.637 [W0] INFO:	sim_time 9_805_625_000us: PolicyEvent @ 9_805_625_000us
10:43:04.637 [W0] INFO:	Draining 10 outstanding tasks
10:43:05.894 [W0] INFO:	sim_time 9_805_625_000us: ControllerEvent @ 9_805_625_000us
10:43:05.906 [W0] INFO:	sim_time 9_805_625_000us: PhysicsEvent @ 9_805_625_000us
10:43:05.909 [W0] INFO:	sim_time 9_805_625_000us: TrafficEvent @ 9_805_625_000us
10:43:05.910 [W0] INFO:	sim_time 9_805_625_000us: PhysicsEvent @ 9_805_625_000us
10:43:05.911 [W0] INFO:	sim_time 9_805_625_000us: StepEvent @ 9_805_625_000us
10:43:05.913 [W0] INFO:	sim_time 9_805_825_000us: GroupedRenderEvent(now=9_805_825_000us)
10:43:06.233 [W0] INFO:	sim_time 9_805_825_000us: PolicyEvent @ 9_805_825_000us
10:43:06.234 [W0] INFO:	Draining 10 outstanding tasks
10:43:07.506 [W0] INFO:	sim_time 9_805_825_000us: ControllerEvent @ 9_805_825_000us
10:43:07.517 [W0] INFO:	sim_time 9_805_825_000us: PhysicsEvent @ 9_805_825_000us
10:43:07.521 [W0] INFO:	sim_time 9_805_825_000us: TrafficEvent @ 9_805_825_000us
10:43:07.525 [W0] INFO:	sim_time 9_805_825_000us: PhysicsEvent @ 9_805_825_000us
10:43:07.526 [W0] INFO:	sim_time 9_805_825_000us: StepEvent @ 9_805_825_000us
10:43:07.528 [W0] INFO:	sim_time 9_806_025_000us: GroupedRenderEvent(now=9_806_025_000us)
10:43:07.846 [W0] INFO:	sim_time 9_806_025_000us: PolicyEvent @ 9_806_025_000us
10:43:07.846 [W0] INFO:	Draining 10 outstanding tasks
10:43:09.111 [W0] INFO:	sim_time 9_806_025_000us: ControllerEvent @ 9_806_025_000us
10:43:09.122 [W0] INFO:	sim_time 9_806_025_000us: PhysicsEvent @ 9_806_025_000us
10:43:09.126 [W0] INFO:	sim_time 9_806_025_000us: TrafficEvent @ 9_806_025_000us
10:43:09.127 [W0] INFO:	sim_time 9_806_025_000us: PhysicsEvent @ 9_806_025_000us
10:43:09.128 [W0] INFO:	sim_time 9_806_025_000us: StepEvent @ 9_806_025_000us
10:43:09.130 [W0] INFO:	sim_time 9_806_225_000us: GroupedRenderEvent(now=9_806_225_000us)
10:43:09.450 [W0] INFO:	sim_time 9_806_225_000us: PolicyEvent @ 9_806_225_000us
10:43:09.450 [W0] INFO:	Draining 10 outstanding tasks
10:43:10.705 [W0] INFO:	sim_time 9_806_225_000us: ControllerEvent @ 9_806_225_000us
10:43:10.714 [W0] INFO:	sim_time 9_806_225_000us: PhysicsEvent @ 9_806_225_000us
10:43:10.718 [W0] INFO:	sim_time 9_806_225_000us: TrafficEvent @ 9_806_225_000us
10:43:10.719 [W0] INFO:	sim_time 9_806_225_000us: PhysicsEvent @ 9_806_225_000us
10:43:10.720 [W0] INFO:	sim_time 9_806_225_000us: StepEvent @ 9_806_225_000us
10:43:10.725 [W0] INFO:	sim_time 9_806_425_000us: GroupedRenderEvent(now=9_806_425_000us)
10:43:11.046 [W0] INFO:	sim_time 9_806_425_000us: PolicyEvent @ 9_806_425_000us
10:43:11.046 [W0] INFO:	Draining 10 outstanding tasks
10:43:12.316 [W0] INFO:	sim_time 9_806_425_000us: ControllerEvent @ 9_806_425_000us
10:43:12.327 [W0] INFO:	sim_time 9_806_425_000us: PhysicsEvent @ 9_806_425_000us
10:43:12.331 [W0] INFO:	sim_time 9_806_425_000us: TrafficEvent @ 9_806_425_000us
10:43:12.333 [W0] INFO:	sim_time 9_806_425_000us: PhysicsEvent @ 9_806_425_000us
10:43:12.333 [W0] INFO:	sim_time 9_806_425_000us: StepEvent @ 9_806_425_000us
10:43:12.335 [W0] INFO:	sim_time 9_806_625_000us: GroupedRenderEvent(now=9_806_625_000us)
10:43:12.661 [W0] INFO:	sim_time 9_806_625_000us: PolicyEvent @ 9_806_625_000us
10:43:12.662 [W0] INFO:	Draining 10 outstanding tasks
10:43:13.919 [W0] INFO:	sim_time 9_806_625_000us: ControllerEvent @ 9_806_625_000us
10:43:13.930 [W0] INFO:	sim_time 9_806_625_000us: PhysicsEvent @ 9_806_625_000us
10:43:13.934 [W0] INFO:	sim_time 9_806_625_000us: TrafficEvent @ 9_806_625_000us
10:43:13.936 [W0] INFO:	sim_time 9_806_625_000us: PhysicsEvent @ 9_806_625_000us
10:43:13.936 [W0] INFO:	sim_time 9_806_625_000us: StepEvent @ 9_806_625_000us
10:43:13.941 [W0] INFO:	sim_time 9_806_825_000us: GroupedRenderEvent(now=9_806_825_000us)
10:43:14.260 [W0] INFO:	sim_time 9_806_825_000us: PolicyEvent @ 9_806_825_000us
10:43:14.260 [W0] INFO:	Draining 10 outstanding tasks
10:43:15.533 [W0] INFO:	sim_time 9_806_825_000us: ControllerEvent @ 9_806_825_000us
10:43:15.544 [W0] INFO:	sim_time 9_806_825_000us: PhysicsEvent @ 9_806_825_000us
10:43:15.548 [W0] INFO:	sim_time 9_806_825_000us: TrafficEvent @ 9_806_825_000us
10:43:15.549 [W0] INFO:	sim_time 9_806_825_000us: PhysicsEvent @ 9_806_825_000us
10:43:15.550 [W0] INFO:	sim_time 9_806_825_000us: StepEvent @ 9_806_825_000us
10:43:15.552 [W0] INFO:	sim_time 9_807_025_000us: GroupedRenderEvent(now=9_807_025_000us)
10:43:15.871 [W0] INFO:	sim_time 9_807_025_000us: PolicyEvent @ 9_807_025_000us
10:43:15.871 [W0] INFO:	Draining 10 outstanding tasks
10:43:17.110 [W0] INFO:	sim_time 9_807_025_000us: SimulationEndEvent @ 9_807_025_000us
10:43:17.110 [W0] INFO:	Simulation ended via SimulationEndEvent
10:43:17.110 [W0] INFO:	Event-based simulation loop timer stopped
10:43:55.039 [W0] INFO:	Session COMPLETED: uuid=13d0e85e-2f49-11f1-b527-f5555ab5bc4e scene=clipgt-048b974e-1546-488a-b8f9-d32bff77f5aa simulated 19.40 sim seconds in 229.47 wall clock seconds for 0.08x real time (total rollout 362.98s incl. setup/warmup)
10:43:55.082 [W0] INFO:	Received shutdown signal
10:43:55.083 [W0] INFO:	Received shutdown signal
10:43:55.083 [W0] INFO:	Received shutdown signal
10:43:55.084 [W0] INFO:	Received shutdown signal
10:43:55.095 [W0] INFO:	Exporting GPU metrics for 1 GPU(s)
10:43:55.106 [W0] INFO:	Metrics written to /mnt/log_dir/telemetry/metrics_worker_0.prom
10:43:55.106 [W0] INFO:	Worker 0 exiting
10:43:55.123 [W0] INFO:	Merged 1 Prometheus files into /mnt/log_dir/telemetry/metrics.prom
10:43:55.124 [W0] INFO:	Loading metrics from: /mnt/log_dir/telemetry/metrics.prom
10:43:58.022 [W0] INFO:	Metrics plot saved to: /mnt/log_dir/metrics_plot.png
